<?xml version="1.0" encoding="UTF-8"?>
<!-- Generated by org.testng.reporters.JUnitReportReporter -->
<testsuite hostname="DESKTOP-5RNKGLA" failures="0" tests="1" name="com.mystore.testcases.SearchResultPageTest" time="15.028" errors="0" timestamp="2022-07-02T01:19:52 IST" skipped="0">
  <testcase classname="com.mystore.testcases.SearchResultPageTest" name="productAvailabilityTest" time="15.028"/>
  <system-out/>
</testsuite> <!-- com.mystore.testcases.SearchResultPageTest -->
