<?xml version="1.0" encoding="UTF-8"?>
<!-- Generated by org.testng.reporters.JUnitReportReporter -->
<testsuite hostname="DESKTOP-5RNKGLA" failures="0" tests="1" name="com.mystore.testcases.AddToCartPageTest" time="22.920" errors="0" timestamp="2022-07-02T01:21:57 IST" skipped="0">
  <testcase classname="com.mystore.testcases.AddToCartPageTest" name="addToCartTest" time="22.920"/>
  <system-out/>
</testsuite> <!-- com.mystore.testcases.AddToCartPageTest -->
