<?xml version="1.0" encoding="UTF-8"?>
<!-- Generated by org.testng.reporters.JUnitReportReporter -->
<testsuite hostname="DESKTOP-5RNKGLA" failures="0" tests="1" name="com.mystore.testcases.OrderPageTest" time="23.158" errors="0" timestamp="2022-07-02T01:12:07 IST" skipped="0">
  <testcase classname="com.mystore.testcases.OrderPageTest" name="verifyTotalPrice" time="23.158"/>
  <system-out/>
</testsuite> <!-- com.mystore.testcases.OrderPageTest -->
