<?xml version="1.0" encoding="UTF-8"?>
<!-- Generated by org.testng.reporters.JUnitReportReporter -->
<testsuite hostname="DESKTOP-5RNKGLA" failures="0" tests="1" name="com.mystore.testcases.LoginPageTest" time="20.647" errors="0" timestamp="2022-07-02T01:21:57 IST" skipped="0">
  <testcase classname="com.mystore.testcases.LoginPageTest" name="loginTest" time="20.647"/>
  <system-out/>
</testsuite> <!-- com.mystore.testcases.LoginPageTest -->
