<?xml version="1.0" encoding="UTF-8"?>
<!-- Generated by org.testng.reporters.JUnitReportReporter -->
<testsuite hostname="DESKTOP-5RNKGLA" failures="0" tests="2" name="com.mystore.testcases.HomePageTest" time="44.601" errors="0" timestamp="2022-07-02T01:19:52 IST" skipped="0">
  <testcase classname="com.mystore.testcases.HomePageTest" name="orderHistoryandDetailsTest" time="22.340"/>
  <system-out/>
  <testcase classname="com.mystore.testcases.HomePageTest" name="wishListTest" time="22.261"/>
  <system-out/>
</testsuite> <!-- com.mystore.testcases.HomePageTest -->
